11:41:04:571 INFO  [BaseTestListener    ] - STARTING TESTSUITE: Twitter
11:41:05:097 INFO  [ormLoginAndTweetTest] - configId: chromedriver
11:41:05:097 INFO  [BaseTestSuite       ] - Initializing testsuite, should only run once per
11:41:05:097 INFO  [BaseTestSuite       ] - Attempting to use the latest available version for webdriver ChromeDriver.
11:41:07:368 INFO  [ormLoginAndTweetTest] - INIT CLASS: PerformLoginAndTweetTest
11:41:07:374 INFO  [DebugLevel          ] - Setting debugLevel to IMAGES_RESULT
11:41:07:382 INFO  [ormLoginAndTweetTest] - configId: chromedriver
11:41:07:396 INFO  [Setup               ] - Initializing ChromeDriver
11:41:12:768 INFO  [Setup               ] - Setting implicit wait to 0 milliseconds
11:41:12:780 INFO  [BaseTestListener    ] - TEST STARTED: performLoginAndWriteTweet
11:41:12:814 INFO  [ormLoginAndTweetTest] - It varifies that login page has loaded
11:41:12:816 INFO  [ormLoginAndTweetTest] - Initializing Pages that would be used in Test
11:41:12:925 INFO  [LoginPage           ] - Verifying that the login page is loaded by visibility of login button
11:41:12:941 TRACE [EventHandler        ] - Finding element using locator:  By.xpath: /html/body/div[1]/div/div[1]/div[1]/div[1]/form/input[1]
11:41:18:026 TRACE [Presence            ] - Element was not displayed within 5000 milliseconds
11:41:18:026 INFO  [LoginPage           ] - The Login button is  not visible
11:41:23:584 DEBUG [Screenshot          ] - Took screenshot, elapsed time: 461.7 ms
11:41:23:997 INFO  [BaseTestListener    ] - Appended screenshot with text '2019/01/28 - 11:41:23 - PASS:performLoginAndWriteTweet ' to file: target/surefire-reports\performLoginAndWriteTweet__chromedriver__2019-01-28--11-41-23.jpg in 405.0 ms
11:41:23:998 INFO  [BaseTestListener    ] - TEST PASSED: performLoginAndWriteTweet

11:41:24:005 INFO  [ormLoginAndTweetTest] - CLOSING CHROMEDRIVER: performLoginAndWriteTweet
11:41:25:420 INFO  [BaseTestListener    ] - FINISHED TESTSUITE: Twitter
