11:46:08:086 INFO  [BaseTestListener    ] - STARTING TESTSUITE: Twitter
11:46:08:634 INFO  [ormLoginAndTweetTest] - configId: chromedriver
11:46:08:637 INFO  [BaseTestSuite       ] - Initializing testsuite, should only run once per
11:46:08:638 INFO  [BaseTestSuite       ] - Attempting to use the latest available version for webdriver ChromeDriver.
11:46:10:898 INFO  [ormLoginAndTweetTest] - INIT CLASS: PerformLoginAndTweetTest
11:46:10:900 INFO  [DebugLevel          ] - Setting debugLevel to IMAGES_RESULT
11:46:10:900 INFO  [ormLoginAndTweetTest] - configId: chromedriver
11:46:10:915 INFO  [Setup               ] - Initializing ChromeDriver
11:46:16:013 INFO  [Setup               ] - Setting implicit wait to 0 milliseconds
11:46:16:013 INFO  [BaseTestListener    ] - TEST STARTED: performLoginAndWriteTweet
11:46:16:045 INFO  [ormLoginAndTweetTest] - It varifies that login page has loaded
11:46:16:045 INFO  [ormLoginAndTweetTest] - Initializing Pages that would be used in Test
11:46:16:154 INFO  [LoginPage           ] - Verifying that the login page is loaded by visibility of login button
11:46:16:207 TRACE [EventHandler        ] - Finding element using locator:  By.xpath: /html/body/div[1]/div/div[1]/div[1]/div[1]/form/input[1]
11:46:21:363 TRACE [Presence            ] - Element was not displayed within 5000 milliseconds
11:46:21:363 INFO  [LoginPage           ] - The Login button is  not visible
11:46:21:864 DEBUG [Screenshot          ] - Took screenshot, elapsed time: 418.8 ms
11:46:22:180 INFO  [BaseTestListener    ] - Appended screenshot with text '2019/01/28 - 11:46:21 - FAIL: performLoginAndWriteTweet ' to file: target/surefire-reports\performLoginAndWriteTweet__chromedriver__2019-01-28--11-46-21.jpg in 305.6 ms
11:46:22:208 WARN  [BaseTestListener    ] - TEST FAILED: performLoginAndWriteTweet

11:46:22:220 INFO  [ormLoginAndTweetTest] - CLOSING CHROMEDRIVER: performLoginAndWriteTweet
11:46:23:541 INFO  [BaseTestListener    ] - FINISHED TESTSUITE: Twitter
