09:27:21:931 INFO  [BaseTestListener    ] - STARTING TESTSUITE: Twitter
09:27:22:251 INFO  [ormLoginAndTweetTest] - configId: chromedriver
09:27:22:251 INFO  [BaseTestSuite       ] - Initializing testsuite, should only run once per
09:27:22:251 INFO  [BaseTestSuite       ] - Attempting to use the latest available version for webdriver ChromeDriver.
09:27:23:953 INFO  [ormLoginAndTweetTest] - INIT CLASS: PerformLoginAndTweetTest
09:27:23:953 INFO  [DebugLevel          ] - Setting debugLevel to IMAGES_RESULT
09:27:23:953 INFO  [ormLoginAndTweetTest] - configId: chromedriver
09:27:23:969 INFO  [Setup               ] - Initializing ChromeDriver
09:27:26:728 INFO  [Setup               ] - Setting implicit wait to 0 milliseconds
09:27:28:060 INFO  [EventHandler        ] - Driver loaded URL: https://twitter.com/login
09:27:28:061 INFO  [ormLoginAndTweetTest] - Navigate to twitter's login-page, the sleep function provied 1000 milli seconds to load the page
09:27:33:081 INFO  [BaseTestListener    ] - TEST STARTED: performLoginAndWriteTweet
09:27:33:097 INFO  [ormLoginAndTweetTest] - It varifies that login page has loaded
09:27:33:098 INFO  [ormLoginAndTweetTest] - Initializing Pages that would be used in Test
09:27:33:150 INFO  [LoginPage           ] - Verifying that the login page is loaded by visibility of login button
09:27:33:166 TRACE [EventHandler        ] - Finding element using locator:  By.cssSelector: .submit.EdgeButton.EdgeButton--primary.EdgeButtom--medium
09:27:33:229 TRACE [Presence            ] - Element was displayed within 5000 milliseconds
09:27:33:229 INFO  [LoginPage           ] - The Login button is visible
09:27:33:245 TRACE [EventHandler        ] - Finding element using locator:  By.cssSelector: .js-username-field.email-input.js-initial-focus
09:27:33:806 TRACE [EventHandler        ] - Finding element using locator:  By.cssSelector: .js-password-field
09:27:34:264 TRACE [EventHandler        ] - Finding element using locator:  By.cssSelector: .submit.EdgeButton.EdgeButton--primary.EdgeButtom--medium
09:27:34:302 TRACE [Presence            ] - Element was clickable within 3000 milliseconds
09:27:35:615 INFO  [EventHandler        ] - Driver clicked on element: [[ChromeDriver: chrome on XP (84f17a8ac64c66702dd4548540079bdb)] -> css selector: .submit.EdgeButton.EdgeButton--primary.EdgeButtom--medium]
09:27:35:616 INFO  [MainPage            ] - Verifying that the login page is loaded by visibility of login button
09:27:35:617 TRACE [EventHandler        ] - Finding element using locator:  By.xpath: //*[@id="tweet-box-home-timeline"]
09:27:35:736 TRACE [Presence            ] - Element was displayed within 5000 milliseconds
09:27:35:736 INFO  [MainPage            ] - The main page is visible
09:27:36:589 TRACE [Presence            ] - Element was clickable within 3000 milliseconds
09:27:36:756 INFO  [EventHandler        ] - Driver clicked on element: [[ChromeDriver: chrome on XP (84f17a8ac64c66702dd4548540079bdb)] -> xpath: //*[@id="tweet-box-home-timeline"]]
09:27:39:382 TRACE [EventHandler        ] - Finding element using locator:  By.xpath: /html/body/div[2]/div[2]/div/div[2]/div[2]/div/form/div[3]/div[2]/button/span[1]
09:27:39:523 INFO  [EventHandler        ] - Driver clicked on element: [[ChromeDriver: chrome on XP (84f17a8ac64c66702dd4548540079bdb)] -> xpath: /html/body/div[2]/div[2]/div/div[2]/div[2]/div/form/div[3]/div[2]/button/span[1]]
09:27:39:585 TRACE [Presence            ] - Element was clickable within 3000 milliseconds
09:27:39:665 INFO  [EventHandler        ] - Driver clicked on element: [[ChromeDriver: chrome on XP (84f17a8ac64c66702dd4548540079bdb)] -> xpath: /html/body/div[2]/div[2]/div/div[2]/div[2]/div/form/div[3]/div[2]/button/span[1]]
09:27:39:665 INFO  [MainPage            ] - tweet button clicked and tweet has been made
09:27:40:075 DEBUG [Screenshot          ] - Took screenshot, elapsed time: 388.6 ms
09:27:40:257 INFO  [BaseTestListener    ] - Appended screenshot with text '2019/02/04 - 09:27:40 - PASS:performLoginAndWriteTweet ' to file: target/surefire-reports\performLoginAndWriteTweet__chromedriver__2019-02-04--09-27-39.jpg in 179.5 ms
09:27:40:257 INFO  [BaseTestListener    ] - TEST PASSED: performLoginAndWriteTweet

09:27:40:257 INFO  [ormLoginAndTweetTest] - CLOSING CHROMEDRIVER: performLoginAndWriteTweet
09:27:41:084 INFO  [BaseTestListener    ] - FINISHED TESTSUITE: Twitter
