12:23:07:666 INFO  [BaseTestListener    ] - STARTING TESTSUITE: Twitter
12:23:08:032 INFO  [ormLoginAndTweetTest] - configId: chromedriver
12:23:08:032 INFO  [BaseTestSuite       ] - Initializing testsuite, should only run once per
12:23:08:032 INFO  [BaseTestSuite       ] - Attempting to use the latest available version for webdriver ChromeDriver.
12:23:10:439 INFO  [ormLoginAndTweetTest] - INIT CLASS: PerformLoginAndTweetTest
12:23:10:439 INFO  [DebugLevel          ] - Setting debugLevel to IMAGES_RESULT
12:23:10:455 INFO  [ormLoginAndTweetTest] - configId: chromedriver
12:23:10:455 INFO  [Setup               ] - Initializing ChromeDriver
12:23:15:186 INFO  [Setup               ] - Setting implicit wait to 0 milliseconds
12:23:16:814 INFO  [EventHandler        ] - Driver loaded URL: https://twitter.com
12:23:16:814 INFO  [ormLoginAndTweetTest] - Navigate to twitter's login-page, the sleep function provied 1000 milli seconds to load the page
12:23:21:824 INFO  [BaseTestListener    ] - TEST STARTED: performLoginAndWriteTweet
12:23:21:824 INFO  [ormLoginAndTweetTest] - It varifies that login page has loaded
12:23:21:824 INFO  [ormLoginAndTweetTest] - Initializing Pages that would be used in Test
12:23:21:871 INFO  [LoginPage           ] - Verifying that the login page is loaded by visibility of login button
12:23:21:886 TRACE [EventHandler        ] - Finding element using locator:  By.cssSelector: .submit.EdgeButton.EdgeButton--primary.EdgeButton--medium
12:23:27:109 TRACE [Presence            ] - Element was not displayed within 5000 milliseconds
12:23:27:110 INFO  [LoginPage           ] - The Login button is  not visible
12:23:27:674 DEBUG [Screenshot          ] - Took screenshot, elapsed time: 507.7 ms
12:23:27:944 INFO  [BaseTestListener    ] - Appended screenshot with text '2019/01/28 - 12:23:27 - FAIL: performLoginAndWriteTweet ' to file: target/surefire-reports\performLoginAndWriteTweet__chromedriver__2019-01-28--12-23-27.jpg in 256.9 ms
12:23:28:274 WARN  [BaseTestListener    ] - TEST FAILED: performLoginAndWriteTweet

12:23:28:305 INFO  [ormLoginAndTweetTest] - CLOSING CHROMEDRIVER: performLoginAndWriteTweet
12:23:29:352 INFO  [BaseTestListener    ] - FINISHED TESTSUITE: Twitter
