09:38:12:385 INFO  [BaseTestListener    ] - STARTING TESTSUITE: Twitter
09:38:12:653 INFO  [ormLoginAndTweetTest] - configId: chromedriver
09:38:12:654 INFO  [BaseTestSuite       ] - Initializing testsuite, should only run once per
09:38:12:654 INFO  [BaseTestSuite       ] - Attempting to use the latest available version for webdriver ChromeDriver.
09:38:14:550 INFO  [ormLoginAndTweetTest] - INIT CLASS: PerformLoginAndTweetTest
09:38:14:554 INFO  [DebugLevel          ] - Setting debugLevel to IMAGES_RESULT
09:38:14:557 INFO  [ormLoginAndTweetTest] - configId: chromedriver
09:38:14:557 INFO  [Setup               ] - Initializing ChromeDriver
09:38:17:510 INFO  [Setup               ] - Setting implicit wait to 0 milliseconds
09:38:19:411 INFO  [EventHandler        ] - Driver loaded URL: https://twitter.com/login
09:38:19:415 INFO  [ormLoginAndTweetTest] - Navigate to twitter's login-page, the sleep function provied 1000 milli seconds to load the page
09:38:24:444 INFO  [BaseTestListener    ] - TEST STARTED: performLoginAndWriteTweet
09:38:24:460 INFO  [ormLoginAndTweetTest] - It varifies that login page has loaded
09:38:24:460 INFO  [ormLoginAndTweetTest] - Initializing Pages that would be used in Test
09:38:24:498 INFO  [LoginPage           ] - Verifying that the login page is loaded by visibility of login button
09:38:24:513 TRACE [EventHandler        ] - Finding element using locator:  By.cssSelector: .submit.EdgeButton.EdgeButton--primary.EdgeButtom--medium
09:38:24:560 TRACE [Presence            ] - Element was displayed within 5000 milliseconds
09:38:24:560 INFO  [LoginPage           ] - The Login button is visible
09:38:24:560 TRACE [EventHandler        ] - Finding element using locator:  By.cssSelector: .js-username-field.email-input.js-initial-focus
09:38:25:372 TRACE [EventHandler        ] - Finding element using locator:  By.cssSelector: .js-password-field
09:38:26:343 TRACE [EventHandler        ] - Finding element using locator:  By.cssSelector: .submit.EdgeButton.EdgeButton--primary.EdgeButtom--medium
09:38:26:462 TRACE [Presence            ] - Element was clickable within 3000 milliseconds
09:38:28:057 INFO  [EventHandler        ] - Driver clicked on element: [[ChromeDriver: chrome on XP (2f1cd5932824b0aa5f32ed42283f6e43)] -> css selector: .submit.EdgeButton.EdgeButton--primary.EdgeButtom--medium]
09:38:28:057 INFO  [MainPage            ] - Verifying that the login page is loaded by visibility of login button
09:38:28:057 TRACE [EventHandler        ] - Finding element using locator:  By.xpath: //*[@id="tweet-box-home-timeline"]
09:38:28:761 TRACE [Presence            ] - Element was displayed within 5000 milliseconds
09:38:28:761 INFO  [MainPage            ] - The main page is visible
09:38:34:162 TRACE [EventHandler        ] - Finding element using locator:  By.xpath: //*[@id="swift_tweetbox_1548750243547"]/div[3]/div[2]/button/span[1]
09:38:37:416 TRACE [Presence            ] - Element was not clickable within 3000 milliseconds
09:38:37:417 INFO  [MainPage            ] - Send button clicked and tweet has been made
09:38:37:954 DEBUG [Screenshot          ] - Took screenshot, elapsed time: 513.3 ms
09:38:38:179 INFO  [BaseTestListener    ] - Appended screenshot with text '2019/01/29 - 09:38:37 - PASS:performLoginAndWriteTweet ' to file: target/surefire-reports\performLoginAndWriteTweet__chromedriver__2019-01-29--09-38-37.jpg in 234.1 ms
09:38:38:179 INFO  [BaseTestListener    ] - TEST PASSED: performLoginAndWriteTweet

09:38:38:179 INFO  [ormLoginAndTweetTest] - CLOSING CHROMEDRIVER: performLoginAndWriteTweet
09:38:39:056 INFO  [BaseTestListener    ] - FINISHED TESTSUITE: Twitter
