09:59:50:570 INFO  [BaseTestListener    ] - STARTING TESTSUITE: Twitter
09:59:50:915 INFO  [ormLoginAndTweetTest] - configId: chromedriver
09:59:50:915 INFO  [BaseTestSuite       ] - Initializing testsuite, should only run once per
09:59:50:915 INFO  [BaseTestSuite       ] - Attempting to use the latest available version for webdriver ChromeDriver.
09:59:52:802 INFO  [ormLoginAndTweetTest] - INIT CLASS: PerformLoginAndTweetTest
09:59:52:802 INFO  [DebugLevel          ] - Setting debugLevel to IMAGES_RESULT
09:59:52:817 INFO  [ormLoginAndTweetTest] - configId: chromedriver
09:59:52:817 INFO  [Setup               ] - Initializing ChromeDriver
09:59:55:908 INFO  [Setup               ] - Setting implicit wait to 0 milliseconds
09:59:56:987 INFO  [EventHandler        ] - Driver loaded URL: https://twitter.com/login
09:59:56:987 INFO  [ormLoginAndTweetTest] - Navigate to twitter's login-page, the sleep function provied 1000 milli seconds to load the page
10:00:02:011 INFO  [BaseTestListener    ] - TEST STARTED: performLoginAndWriteTweet
10:00:02:026 INFO  [ormLoginAndTweetTest] - It varifies that login page has loaded
10:00:02:026 INFO  [ormLoginAndTweetTest] - Initializing Pages that would be used in Test
10:00:02:090 INFO  [LoginPage           ] - Verifying that the login page is loaded by visibility of login button
10:00:02:119 TRACE [EventHandler        ] - Finding element using locator:  By.cssSelector: .submit.EdgeButton.EdgeButton--primary.EdgeButtom--medium
10:00:02:155 TRACE [Presence            ] - Element was displayed within 5000 milliseconds
10:00:02:170 INFO  [LoginPage           ] - The Login button is visible
10:00:02:170 TRACE [EventHandler        ] - Finding element using locator:  By.cssSelector: .js-username-field.email-input.js-initial-focus
10:00:03:050 TRACE [EventHandler        ] - Finding element using locator:  By.cssSelector: .js-password-field
10:00:03:744 TRACE [EventHandler        ] - Finding element using locator:  By.cssSelector: .submit.EdgeButton.EdgeButton--primary.EdgeButtom--medium
10:00:03:840 TRACE [Presence            ] - Element was clickable within 3000 milliseconds
10:00:05:130 INFO  [EventHandler        ] - Driver clicked on element: [[ChromeDriver: chrome on XP (d4305c06dbdee702be1554a9d96142f3)] -> css selector: .submit.EdgeButton.EdgeButton--primary.EdgeButtom--medium]
10:00:05:130 INFO  [MainPage            ] - Verifying that the login page is loaded by visibility of login button
10:00:05:130 TRACE [EventHandler        ] - Finding element using locator:  By.xpath: //*[@id="tweet-box-home-timeline"]
10:00:06:004 TRACE [Presence            ] - Element was displayed within 5000 milliseconds
10:00:06:008 INFO  [MainPage            ] - The main page is visible
10:00:06:172 TRACE [Presence            ] - Element was clickable within 3000 milliseconds
10:00:06:304 INFO  [EventHandler        ] - Driver clicked on element: [[ChromeDriver: chrome on XP (d4305c06dbdee702be1554a9d96142f3)] -> xpath: //*[@id="tweet-box-home-timeline"]]
10:00:09:394 TRACE [EventHandler        ] - Finding element using locator:  By.xpath: //*[@id="swift_tweetbox_1548750243547"]/div[3]/div[2]/button/span[1]
10:00:09:906 DEBUG [Screenshot          ] - Took screenshot, elapsed time: 397.5 ms
10:00:10:064 INFO  [BaseTestListener    ] - Appended screenshot with text '2019/01/29 - 10:00:09 - FAIL: performLoginAndWriteTweet ' to file: target/surefire-reports\performLoginAndWriteTweet__chromedriver__2019-01-29--10-00-09.jpg in 163.8 ms
10:00:10:429 WARN  [BaseTestListener    ] - TEST FAILED: performLoginAndWriteTweet

10:00:10:444 INFO  [ormLoginAndTweetTest] - CLOSING CHROMEDRIVER: performLoginAndWriteTweet
10:00:11:581 INFO  [BaseTestListener    ] - FINISHED TESTSUITE: Twitter
