09:54:06:325 INFO  [BaseTestListener    ] - STARTING TESTSUITE: Twitter
09:54:06:701 INFO  [ormLoginAndTweetTest] - configId: chromedriver
09:54:06:701 INFO  [BaseTestSuite       ] - Initializing testsuite, should only run once per
09:54:06:701 INFO  [BaseTestSuite       ] - Attempting to use the latest available version for webdriver ChromeDriver.
09:54:08:945 INFO  [ormLoginAndTweetTest] - INIT CLASS: PerformLoginAndTweetTest
09:54:08:945 INFO  [DebugLevel          ] - Setting debugLevel to IMAGES_RESULT
09:54:08:945 INFO  [ormLoginAndTweetTest] - configId: chromedriver
09:54:08:961 INFO  [Setup               ] - Initializing ChromeDriver
09:54:12:384 INFO  [Setup               ] - Setting implicit wait to 0 milliseconds
09:54:13:702 INFO  [EventHandler        ] - Driver loaded URL: https://twitter.com/login
09:54:13:703 INFO  [ormLoginAndTweetTest] - Navigate to twitter's login-page, the sleep function provied 1000 milli seconds to load the page
09:54:18:726 INFO  [BaseTestListener    ] - TEST STARTED: performLoginAndWriteTweet
09:54:18:730 INFO  [ormLoginAndTweetTest] - It varifies that login page has loaded
09:54:18:735 INFO  [ormLoginAndTweetTest] - Initializing Pages that would be used in Test
09:54:18:780 INFO  [LoginPage           ] - Verifying that the login page is loaded by visibility of login button
09:54:18:795 TRACE [EventHandler        ] - Finding element using locator:  By.cssSelector: .submit.EdgeButton.EdgeButton--primary.EdgeButtom--medium
09:54:18:886 TRACE [Presence            ] - Element was displayed within 5000 milliseconds
09:54:18:886 INFO  [LoginPage           ] - The Login button is visible
09:54:18:889 TRACE [EventHandler        ] - Finding element using locator:  By.cssSelector: .js-username-field.email-input.js-initial-focus
09:54:19:470 TRACE [EventHandler        ] - Finding element using locator:  By.cssSelector: .js-password-field
09:54:20:007 TRACE [EventHandler        ] - Finding element using locator:  By.cssSelector: .submit.EdgeButton.EdgeButton--primary.EdgeButtom--medium
09:54:20:104 TRACE [Presence            ] - Element was clickable within 3000 milliseconds
09:54:21:476 INFO  [EventHandler        ] - Driver clicked on element: [[ChromeDriver: chrome on XP (3353132f5e7b15559169ac17bd051f43)] -> css selector: .submit.EdgeButton.EdgeButton--primary.EdgeButtom--medium]
09:54:21:476 INFO  [MainPage            ] - Verifying that the login page is loaded by visibility of login button
09:54:21:476 TRACE [EventHandler        ] - Finding element using locator:  By.xpath: //*[@id="tweet-box-home-timeline"]
09:54:22:207 TRACE [Presence            ] - Element was displayed within 5000 milliseconds
09:54:22:207 INFO  [MainPage            ] - The main page is visible
09:54:27:364 TRACE [EventHandler        ] - Finding element using locator:  By.xpath: //*[@id="swift_tweetbox_1548750243547"]/div[3]/div[2]/button/span[1]
09:54:30:652 TRACE [Presence            ] - Element was not clickable within 3000 milliseconds
09:54:30:668 INFO  [MainPage            ] - Send button clicked and tweet has been made
09:54:31:136 DEBUG [Screenshot          ] - Took screenshot, elapsed time: 437.5 ms
09:54:31:353 INFO  [BaseTestListener    ] - Appended screenshot with text '2019/01/29 - 09:54:31 - PASS:performLoginAndWriteTweet ' to file: target/surefire-reports\performLoginAndWriteTweet__chromedriver__2019-01-29--09-54-30.jpg in 210.9 ms
09:54:31:353 INFO  [BaseTestListener    ] - TEST PASSED: performLoginAndWriteTweet

09:54:31:353 INFO  [ormLoginAndTweetTest] - CLOSING CHROMEDRIVER: performLoginAndWriteTweet
09:54:32:214 INFO  [BaseTestListener    ] - FINISHED TESTSUITE: Twitter
