13:31:30:641 INFO  [BaseTestListener    ] - STARTING TESTSUITE: Twitter
13:31:31:173 INFO  [ormLoginAndTweetTest] - configId: chromedriver
13:31:31:173 INFO  [BaseTestSuite       ] - Initializing testsuite, should only run once per
13:31:31:173 INFO  [BaseTestSuite       ] - Attempting to use the latest available version for webdriver ChromeDriver.
13:31:33:241 INFO  [ormLoginAndTweetTest] - INIT CLASS: PerformLoginAndTweetTest
13:31:33:258 INFO  [DebugLevel          ] - Setting debugLevel to IMAGES_RESULT
13:31:33:264 INFO  [ormLoginAndTweetTest] - configId: chromedriver
13:31:33:264 INFO  [Setup               ] - Initializing ChromeDriver
13:31:38:006 INFO  [Setup               ] - Setting implicit wait to 0 milliseconds
13:31:40:765 INFO  [EventHandler        ] - Driver loaded URL: https://twitter.com/login
13:31:40:766 INFO  [ormLoginAndTweetTest] - Navigate to twitter's login-page, the sleep function provied 1000 milli seconds to load the page
13:31:45:790 INFO  [BaseTestListener    ] - TEST STARTED: performLoginAndWriteTweet
13:31:45:812 INFO  [ormLoginAndTweetTest] - It varifies that login page has loaded
13:31:45:812 INFO  [ormLoginAndTweetTest] - Initializing Pages that would be used in Test
13:31:45:891 INFO  [LoginPage           ] - Verifying that the login page is loaded by visibility of login button
13:31:45:913 TRACE [EventHandler        ] - Finding element using locator:  By.cssSelector: .submit.EdgeButton.EdgeButton--primary.EdgeButtom--medium
13:31:46:007 TRACE [Presence            ] - Element was displayed within 5000 milliseconds
13:31:46:007 INFO  [LoginPage           ] - The Login button is visible
13:31:46:010 TRACE [EventHandler        ] - Finding element using locator:  By.cssSelector: .js-username-field.email-input.js-initial-focus
13:31:46:636 TRACE [EventHandler        ] - Finding element using locator:  By.cssSelector: .js-password-field
13:31:47:094 TRACE [EventHandler        ] - Finding element using locator:  By.cssSelector: .submit.EdgeButton.EdgeButton--primary.EdgeButtom--medium
13:31:47:140 TRACE [Presence            ] - Element was clickable within 3000 milliseconds
13:31:48:088 INFO  [EventHandler        ] - Driver clicked on element: [[ChromeDriver: chrome on XP (c992a194ae0802a8e7ffb81f259ed059)] -> css selector: .submit.EdgeButton.EdgeButton--primary.EdgeButtom--medium]
13:31:48:793 DEBUG [Screenshot          ] - Took screenshot, elapsed time: 636.8 ms
13:31:49:146 INFO  [BaseTestListener    ] - Appended screenshot with text '2019/01/28 - 13:31:48 - PASS:performLoginAndWriteTweet ' to file: target/surefire-reports\performLoginAndWriteTweet__chromedriver__2019-01-28--13-31-48.jpg in 360.2 ms
13:31:49:146 INFO  [BaseTestListener    ] - TEST PASSED: performLoginAndWriteTweet

13:31:49:146 INFO  [ormLoginAndTweetTest] - CLOSING CHROMEDRIVER: performLoginAndWriteTweet
13:31:50:202 INFO  [BaseTestListener    ] - FINISHED TESTSUITE: Twitter
