10:01:46:435 INFO  [BaseTestListener    ] - STARTING TESTSUITE: Twitter
10:01:46:863 INFO  [ormLoginAndTweetTest] - configId: chromedriver
10:01:46:863 INFO  [BaseTestSuite       ] - Initializing testsuite, should only run once per
10:01:46:863 INFO  [BaseTestSuite       ] - Attempting to use the latest available version for webdriver ChromeDriver.
10:01:48:749 INFO  [ormLoginAndTweetTest] - INIT CLASS: PerformLoginAndTweetTest
10:01:48:749 INFO  [DebugLevel          ] - Setting debugLevel to IMAGES_RESULT
10:01:48:749 INFO  [ormLoginAndTweetTest] - configId: chromedriver
10:01:48:766 INFO  [Setup               ] - Initializing ChromeDriver
10:01:51:715 INFO  [Setup               ] - Setting implicit wait to 0 milliseconds
10:01:52:907 INFO  [EventHandler        ] - Driver loaded URL: https://twitter.com/login
10:01:52:909 INFO  [ormLoginAndTweetTest] - Navigate to twitter's login-page, the sleep function provied 1000 milli seconds to load the page
10:01:57:921 INFO  [BaseTestListener    ] - TEST STARTED: performLoginAndWriteTweet
10:01:57:921 INFO  [ormLoginAndTweetTest] - It varifies that login page has loaded
10:01:57:921 INFO  [ormLoginAndTweetTest] - Initializing Pages that would be used in Test
10:01:57:968 INFO  [LoginPage           ] - Verifying that the login page is loaded by visibility of login button
10:01:57:968 TRACE [EventHandler        ] - Finding element using locator:  By.cssSelector: .submit.EdgeButton.EdgeButton--primary.EdgeButtom--medium
10:01:58:021 TRACE [Presence            ] - Element was displayed within 5000 milliseconds
10:01:58:021 INFO  [LoginPage           ] - The Login button is visible
10:01:58:021 TRACE [EventHandler        ] - Finding element using locator:  By.cssSelector: .js-username-field.email-input.js-initial-focus
10:01:58:567 TRACE [EventHandler        ] - Finding element using locator:  By.cssSelector: .js-password-field
10:01:59:066 TRACE [EventHandler        ] - Finding element using locator:  By.cssSelector: .submit.EdgeButton.EdgeButton--primary.EdgeButtom--medium
10:01:59:111 TRACE [Presence            ] - Element was clickable within 3000 milliseconds
10:02:00:540 INFO  [EventHandler        ] - Driver clicked on element: [[ChromeDriver: chrome on XP (b74e0cff26be39518a44103a8001bf76)] -> css selector: .submit.EdgeButton.EdgeButton--primary.EdgeButtom--medium]
10:02:00:540 INFO  [MainPage            ] - Verifying that the login page is loaded by visibility of login button
10:02:00:544 TRACE [EventHandler        ] - Finding element using locator:  By.xpath: //*[@id="tweet-box-home-timeline"]
10:02:01:268 TRACE [Presence            ] - Element was displayed within 5000 milliseconds
10:02:01:268 INFO  [MainPage            ] - The main page is visible
10:02:01:481 TRACE [Presence            ] - Element was clickable within 3000 milliseconds
10:02:01:640 INFO  [EventHandler        ] - Driver clicked on element: [[ChromeDriver: chrome on XP (b74e0cff26be39518a44103a8001bf76)] -> xpath: //*[@id="tweet-box-home-timeline"]]
10:02:05:429 TRACE [EventHandler        ] - Finding element using locator:  By.xpath: /html/body/div[2]/div[2]/div/div[2]/div[2]/div/form/div[3]/div[2]/button/span[1]
10:02:05:613 INFO  [EventHandler        ] - Driver clicked on element: [[ChromeDriver: chrome on XP (b74e0cff26be39518a44103a8001bf76)] -> xpath: /html/body/div[2]/div[2]/div/div[2]/div[2]/div/form/div[3]/div[2]/button/span[1]]
10:02:05:690 TRACE [Presence            ] - Element was clickable within 3000 milliseconds
10:02:05:766 INFO  [EventHandler        ] - Driver clicked on element: [[ChromeDriver: chrome on XP (b74e0cff26be39518a44103a8001bf76)] -> xpath: /html/body/div[2]/div[2]/div/div[2]/div[2]/div/form/div[3]/div[2]/button/span[1]]
10:02:05:766 INFO  [MainPage            ] - Send button clicked and tweet has been made
10:02:06:246 DEBUG [Screenshot          ] - Took screenshot, elapsed time: 449.6 ms
10:02:06:462 INFO  [BaseTestListener    ] - Appended screenshot with text '2019/01/29 - 10:02:06 - PASS:performLoginAndWriteTweet ' to file: target/surefire-reports\performLoginAndWriteTweet__chromedriver__2019-01-29--10-02-05.jpg in 211.3 ms
10:02:06:462 INFO  [BaseTestListener    ] - TEST PASSED: performLoginAndWriteTweet

10:02:06:466 INFO  [ormLoginAndTweetTest] - CLOSING CHROMEDRIVER: performLoginAndWriteTweet
10:02:07:256 INFO  [BaseTestListener    ] - FINISHED TESTSUITE: Twitter
