12:27:38:658 INFO  [BaseTestListener    ] - STARTING TESTSUITE: Twitter
12:27:39:039 INFO  [ormLoginAndTweetTest] - configId: chromedriver
12:27:39:041 INFO  [BaseTestSuite       ] - Initializing testsuite, should only run once per
12:27:39:042 INFO  [BaseTestSuite       ] - Attempting to use the latest available version for webdriver ChromeDriver.
12:27:41:819 INFO  [ormLoginAndTweetTest] - INIT CLASS: PerformLoginAndTweetTest
12:27:41:819 INFO  [DebugLevel          ] - Setting debugLevel to IMAGES_RESULT
12:27:41:835 INFO  [ormLoginAndTweetTest] - configId: chromedriver
12:27:41:850 INFO  [Setup               ] - Initializing ChromeDriver
12:27:51:303 INFO  [Setup               ] - Setting implicit wait to 0 milliseconds
12:27:54:118 INFO  [EventHandler        ] - Driver loaded URL: https://twitter.com
12:27:54:120 INFO  [ormLoginAndTweetTest] - Navigate to twitter's login-page, the sleep function provied 1000 milli seconds to load the page
12:27:59:165 INFO  [BaseTestListener    ] - TEST STARTED: performLoginAndWriteTweet
12:27:59:224 INFO  [ormLoginAndTweetTest] - It varifies that login page has loaded
12:27:59:228 INFO  [ormLoginAndTweetTest] - Initializing Pages that would be used in Test
12:27:59:548 INFO  [LoginPage           ] - Verifying that the login page is loaded by visibility of login button
12:27:59:784 TRACE [EventHandler        ] - Finding element using locator:  By.cssSelector: .submit.EdgeButton.EdgeButton--primary.EdgeButtom--medium
12:28:01:887 INFO  [BaseTestListener    ] - STARTING TESTSUITE: Twitter
12:28:02:378 INFO  [ormLoginAndTweetTest] - configId: chromedriver
12:28:02:378 INFO  [BaseTestSuite       ] - Initializing testsuite, should only run once per
12:28:02:378 INFO  [BaseTestSuite       ] - Attempting to use the latest available version for webdriver ChromeDriver.
12:28:04:822 INFO  [ormLoginAndTweetTest] - INIT CLASS: PerformLoginAndTweetTest
12:28:04:822 INFO  [DebugLevel          ] - Setting debugLevel to IMAGES_RESULT
12:28:04:838 INFO  [ormLoginAndTweetTest] - configId: chromedriver
12:28:04:853 INFO  [Setup               ] - Initializing ChromeDriver
12:28:05:172 TRACE [Presence            ] - Element was not displayed within 5000 milliseconds
12:28:05:173 INFO  [LoginPage           ] - The Login button is  not visible
12:28:06:611 DEBUG [Screenshot          ] - Took screenshot, elapsed time: 1.326 s
12:28:07:622 INFO  [BaseTestListener    ] - Appended screenshot with text '2019/01/28 - 12:28:06 - FAIL: performLoginAndWriteTweet ' to file: target/surefire-reports\performLoginAndWriteTweet__chromedriver__2019-01-28--12-28-05.jpg in 1.019 s
12:28:08:032 WARN  [BaseTestListener    ] - TEST FAILED: performLoginAndWriteTweet

12:28:08:053 INFO  [ormLoginAndTweetTest] - CLOSING CHROMEDRIVER: performLoginAndWriteTweet
12:28:10:631 INFO  [Setup               ] - Setting implicit wait to 0 milliseconds
12:28:10:852 INFO  [BaseTestListener    ] - FINISHED TESTSUITE: Twitter
