11:40:04:961 INFO  [BaseTestListener    ] - STARTING TESTSUITE: Twitter
11:40:05:477 INFO  [ormLoginAndTweetTest] - configId: chromedriver
11:40:05:477 INFO  [BaseTestSuite       ] - Initializing testsuite, should only run once per
11:40:05:477 INFO  [BaseTestSuite       ] - Attempting to use the latest available version for webdriver ChromeDriver.
11:40:07:660 INFO  [ormLoginAndTweetTest] - INIT CLASS: PerformLoginAndTweetTest
11:40:07:660 INFO  [DebugLevel          ] - Setting debugLevel to IMAGES_RESULT
11:40:07:660 INFO  [ormLoginAndTweetTest] - configId: chromedriver
11:40:07:676 INFO  [Setup               ] - Initializing ChromeDriver
11:40:12:841 INFO  [Setup               ] - Setting implicit wait to 0 milliseconds
11:40:12:841 INFO  [BaseTestListener    ] - TEST STARTED: performLoginAndWriteTweet
11:40:12:857 INFO  [ormLoginAndTweetTest] - It varifies that login page has loaded
11:40:12:857 INFO  [ormLoginAndTweetTest] - Initializing Pages that would be used in Test
11:40:12:910 INFO  [LoginPage           ] - Verifying that the login page is loaded by visibility of login button
11:40:12:910 TRACE [EventHandler        ] - Finding element using locator:  By.xpath: /html/body/div[1]/div/div[1]/div[1]/div[1]/form/input[1]
11:40:18:183 TRACE [Presence            ] - Element was not displayed within 5000 milliseconds
11:40:18:183 INFO  [LoginPage           ] - The Login button is  not visible
11:40:18:683 DEBUG [Screenshot          ] - Took screenshot, elapsed time: 441.3 ms
11:40:18:905 INFO  [BaseTestListener    ] - Appended screenshot with text '2019/01/28 - 11:40:18 - FAIL: performLoginAndWriteTweet ' to file: target/surefire-reports\performLoginAndWriteTweet__chromedriver__2019-01-28--11-40-18.jpg in 216.4 ms
11:40:18:921 WARN  [BaseTestListener    ] - TEST FAILED: performLoginAndWriteTweet

11:40:18:937 INFO  [ormLoginAndTweetTest] - CLOSING CHROMEDRIVER: performLoginAndWriteTweet
11:40:20:057 INFO  [BaseTestListener    ] - FINISHED TESTSUITE: Twitter
