14:39:53:004 INFO  [BaseTestListener    ] - STARTING TESTSUITE: Test
14:39:53:250 INFO  [ormLoginAndTweetTest] - configId: chromedriver
14:39:53:252 INFO  [BaseTestSuite       ] - Initializing testsuite, should only run once per
14:39:53:252 INFO  [BaseTestSuite       ] - Attempting to use the latest available version for webdriver ChromeDriver.
14:39:54:926 INFO  [ormLoginAndTweetTest] - INIT CLASS: PerformLoginAndTweetTest
14:39:54:929 INFO  [DebugLevel          ] - Setting debugLevel to IMAGES_RESULT
14:39:54:936 INFO  [ormLoginAndTweetTest] - configId: chromedriver
14:39:54:946 INFO  [Setup               ] - Initializing ChromeDriver
14:39:57:823 INFO  [Setup               ] - Setting implicit wait to 0 milliseconds
14:39:58:641 INFO  [EventHandler        ] - Driver loaded URL: https://twitter.com/login
14:39:58:642 INFO  [ormLoginAndTweetTest] - Navigate to twitter's login-page, the sleep function provied 1000 milli seconds to load the page
14:40:03:649 INFO  [BaseTestListener    ] - TEST STARTED: performLoginAndWriteTweet
14:40:03:659 INFO  [ormLoginAndTweetTest] - It varifies that login page has loaded
14:40:03:660 INFO  [ormLoginAndTweetTest] - Initializing Pages that would be used in Test
14:40:03:695 INFO  [LoginPage           ] - Verifying that the login page is loaded by visibility of login button
14:40:03:709 TRACE [EventHandler        ] - Finding element using locator:  By.cssSelector: .submit.EdgeButton.EdgeButton--primary.EdgeButtom--medium
14:40:03:755 TRACE [Presence            ] - Element was displayed within 5000 milliseconds
14:40:03:755 INFO  [LoginPage           ] - The Login button is visible
14:40:03:759 TRACE [EventHandler        ] - Finding element using locator:  By.cssSelector: .js-username-field.email-input.js-initial-focus
14:40:04:245 TRACE [EventHandler        ] - Finding element using locator:  By.cssSelector: .js-password-field
14:40:04:721 TRACE [EventHandler        ] - Finding element using locator:  By.cssSelector: .submit.EdgeButton.EdgeButton--primary.EdgeButtom--medium
14:40:04:764 TRACE [Presence            ] - Element was clickable within 3000 milliseconds
14:40:06:184 INFO  [EventHandler        ] - Driver clicked on element: [[ChromeDriver: chrome on XP (04a1ec7e2fd97e6664cd35c30f8639ca)] -> css selector: .submit.EdgeButton.EdgeButton--primary.EdgeButtom--medium]
14:40:06:185 INFO  [MainPage            ] - Verifying that the login page is loaded by visibility of login button
14:40:06:186 TRACE [EventHandler        ] - Finding element using locator:  By.xpath: //*[@id="tweet-box-home-timeline"]
14:40:07:125 TRACE [Presence            ] - Element was displayed within 5000 milliseconds
14:40:07:126 INFO  [MainPage            ] - The main page is visible
14:40:07:289 TRACE [Presence            ] - Element was clickable within 3000 milliseconds
14:40:07:457 INFO  [EventHandler        ] - Driver clicked on element: [[ChromeDriver: chrome on XP (04a1ec7e2fd97e6664cd35c30f8639ca)] -> xpath: //*[@id="tweet-box-home-timeline"]]
14:40:10:051 TRACE [EventHandler        ] - Finding element using locator:  By.xpath: /html/body/div[2]/div[2]/div/div[2]/div[2]/div/form/div[3]/div[2]/button/span[1]
14:40:10:165 INFO  [EventHandler        ] - Driver clicked on element: [[ChromeDriver: chrome on XP (04a1ec7e2fd97e6664cd35c30f8639ca)] -> xpath: /html/body/div[2]/div[2]/div/div[2]/div[2]/div/form/div[3]/div[2]/button/span[1]]
14:40:10:232 TRACE [Presence            ] - Element was clickable within 3000 milliseconds
14:40:10:321 INFO  [EventHandler        ] - Driver clicked on element: [[ChromeDriver: chrome on XP (04a1ec7e2fd97e6664cd35c30f8639ca)] -> xpath: /html/body/div[2]/div[2]/div/div[2]/div[2]/div/form/div[3]/div[2]/button/span[1]]
14:40:10:322 INFO  [MainPage            ] - tweet button clicked and tweet has been made
14:40:10:826 DEBUG [Screenshot          ] - Took screenshot, elapsed time: 463.7 ms
14:40:11:022 INFO  [BaseTestListener    ] - Appended screenshot with text '2019/02/04 - 14:40:10 - PASS:performLoginAndWriteTweet ' to file: target/surefire-reports\performLoginAndWriteTweet__chromedriver__2019-02-04--14-40-10.jpg in 183.8 ms
14:40:11:024 INFO  [BaseTestListener    ] - TEST PASSED: performLoginAndWriteTweet

14:40:11:029 INFO  [ormLoginAndTweetTest] - CLOSING CHROMEDRIVER: performLoginAndWriteTweet
14:40:11:778 INFO  [BaseTestListener    ] - FINISHED TESTSUITE: Test
