09:27:03:365 INFO  [BaseTestListener    ] - STARTING TESTSUITE: Twitter
09:27:03:681 INFO  [ormLoginAndTweetTest] - configId: chromedriver
09:27:03:681 INFO  [BaseTestSuite       ] - Initializing testsuite, should only run once per
09:27:03:681 INFO  [BaseTestSuite       ] - Attempting to use the latest available version for webdriver ChromeDriver.
09:27:05:685 INFO  [ormLoginAndTweetTest] - INIT CLASS: PerformLoginAndTweetTest
09:27:05:685 INFO  [DebugLevel          ] - Setting debugLevel to IMAGES_RESULT
09:27:05:700 INFO  [ormLoginAndTweetTest] - configId: chromedriver
09:27:05:700 INFO  [Setup               ] - Initializing ChromeDriver
09:27:08:640 INFO  [Setup               ] - Setting implicit wait to 0 milliseconds
09:27:09:787 INFO  [EventHandler        ] - Driver loaded URL: https://twitter.com/login
09:27:09:788 INFO  [ormLoginAndTweetTest] - Navigate to twitter's login-page, the sleep function provied 1000 milli seconds to load the page
09:27:14:790 INFO  [BaseTestListener    ] - TEST STARTED: performLoginAndWriteTweet
09:27:14:790 INFO  [ormLoginAndTweetTest] - It varifies that login page has loaded
09:27:14:790 INFO  [ormLoginAndTweetTest] - Initializing Pages that would be used in Test
09:27:14:839 INFO  [LoginPage           ] - Verifying that the login page is loaded by visibility of login button
09:27:14:839 TRACE [EventHandler        ] - Finding element using locator:  By.cssSelector: .submit.EdgeButton.EdgeButton--primary.EdgeButtom--medium
09:27:14:913 TRACE [Presence            ] - Element was displayed within 5000 milliseconds
09:27:14:913 INFO  [LoginPage           ] - The Login button is visible
09:27:14:915 TRACE [EventHandler        ] - Finding element using locator:  By.cssSelector: .js-username-field.email-input.js-initial-focus
09:27:15:457 TRACE [EventHandler        ] - Finding element using locator:  By.cssSelector: .js-password-field
09:27:15:975 TRACE [EventHandler        ] - Finding element using locator:  By.cssSelector: .submit.EdgeButton.EdgeButton--primary.EdgeButtom--medium
09:27:16:024 TRACE [Presence            ] - Element was clickable within 3000 milliseconds
09:27:17:620 INFO  [EventHandler        ] - Driver clicked on element: [[ChromeDriver: chrome on XP (dc67df72cae092b0f5c9cfe3ac2028e3)] -> css selector: .submit.EdgeButton.EdgeButton--primary.EdgeButtom--medium]
09:27:17:620 INFO  [MainPage            ] - Verifying that the login page is loaded by visibility of login button
09:27:17:621 TRACE [EventHandler        ] - Finding element using locator:  By.xpath: //*[@id="tweet-box-home-timeline"]
09:27:17:758 TRACE [Presence            ] - Element was displayed within 5000 milliseconds
09:27:17:758 INFO  [MainPage            ] - The main page is visible
09:27:21:160 TRACE [EventHandler        ] - Finding element using locator:  By.xpath: //*[@id="swift_tweetbox_1548750243547"]/div[3]/div[2]/button/span[1]
09:27:24:394 TRACE [Presence            ] - Element was not clickable within 3000 milliseconds
09:27:24:394 INFO  [MainPage            ] - Send button clicked and tweet has been made
09:27:24:882 DEBUG [Screenshot          ] - Took screenshot, elapsed time: 461.8 ms
09:27:25:045 INFO  [BaseTestListener    ] - Appended screenshot with text '2019/01/29 - 09:27:24 - PASS:performLoginAndWriteTweet ' to file: target/surefire-reports\performLoginAndWriteTweet__chromedriver__2019-01-29--09-27-24.jpg in 162.2 ms
09:27:25:045 INFO  [BaseTestListener    ] - TEST PASSED: performLoginAndWriteTweet

09:27:25:045 INFO  [ormLoginAndTweetTest] - CLOSING CHROMEDRIVER: performLoginAndWriteTweet
09:27:25:898 INFO  [BaseTestListener    ] - FINISHED TESTSUITE: Twitter
