11:25:21:318 INFO  [BaseTestListener    ] - STARTING TESTSUITE: Twitter
11:25:21:672 INFO  [ormLoginAndTweetTest] - configId: chromedriver
11:25:21:688 INFO  [BaseTestSuite       ] - Initializing testsuite, should only run once per
11:25:21:688 INFO  [BaseTestSuite       ] - Attempting to use the latest available version for webdriver ChromeDriver.
11:25:23:765 INFO  [ormLoginAndTweetTest] - INIT CLASS: PerformLoginAndTweetTest
11:25:23:765 INFO  [DebugLevel          ] - Setting debugLevel to IMAGES_RESULT
11:25:23:781 INFO  [ormLoginAndTweetTest] - configId: chromedriver
11:25:23:797 INFO  [Setup               ] - Initializing ChromeDriver
11:25:29:109 INFO  [Setup               ] - Setting implicit wait to 0 milliseconds
11:25:29:109 INFO  [BaseTestListener    ] - TEST STARTED: performLoginAndWriteTweet
11:25:29:109 INFO  [ormLoginAndTweetTest] - It varifies that login page has loaded
11:25:29:109 INFO  [ormLoginAndTweetTest] - Initializing Pages that would be used in Test
11:25:29:155 INFO  [LoginPage           ] - Verifying that the login page is loaded by visibility of login button
11:25:29:171 TRACE [EventHandler        ] - Finding element using locator:  By.cssSelector: .submit.EdgeButton.EdgeButton--primary.EdgeButton--medium
11:25:34:306 TRACE [Presence            ] - Element was not displayed within 5000 milliseconds
11:25:34:306 INFO  [LoginPage           ] - The Login button is  not visible
11:25:34:776 DEBUG [Screenshot          ] - Took screenshot, elapsed time: 407.0 ms
11:25:35:029 INFO  [BaseTestListener    ] - Appended screenshot with text '2019/01/28 - 11:25:34 - FAIL: performLoginAndWriteTweet ' to file: target/surefire-reports\performLoginAndWriteTweet__chromedriver__2019-01-28--11-25-34.jpg in 257.4 ms
11:25:35:060 WARN  [BaseTestListener    ] - TEST FAILED: performLoginAndWriteTweet

11:25:35:076 INFO  [ormLoginAndTweetTest] - CLOSING CHROMEDRIVER: performLoginAndWriteTweet
11:25:36:058 INFO  [BaseTestListener    ] - FINISHED TESTSUITE: Twitter
