09:35:14:491 INFO  [BaseTestListener    ] - STARTING TESTSUITE: Twitter
09:35:14:796 INFO  [ormLoginAndTweetTest] - configId: chromedriver
09:35:14:796 INFO  [BaseTestSuite       ] - Initializing testsuite, should only run once per
09:35:14:796 INFO  [BaseTestSuite       ] - Attempting to use the latest available version for webdriver ChromeDriver.
09:35:16:736 INFO  [ormLoginAndTweetTest] - INIT CLASS: PerformLoginAndTweetTest
09:35:16:738 INFO  [DebugLevel          ] - Setting debugLevel to IMAGES_RESULT
09:35:16:745 INFO  [ormLoginAndTweetTest] - configId: chromedriver
09:35:16:754 INFO  [Setup               ] - Initializing ChromeDriver
09:35:19:754 INFO  [Setup               ] - Setting implicit wait to 0 milliseconds
09:35:20:813 INFO  [EventHandler        ] - Driver loaded URL: https://twitter.com/login
09:35:20:814 INFO  [ormLoginAndTweetTest] - Navigate to twitter's login-page, the sleep function provied 1000 milli seconds to load the page
09:35:25:820 INFO  [BaseTestListener    ] - TEST STARTED: performLoginAndWriteTweet
09:35:25:820 INFO  [ormLoginAndTweetTest] - It varifies that login page has loaded
09:35:25:820 INFO  [ormLoginAndTweetTest] - Initializing Pages that would be used in Test
09:35:25:852 INFO  [LoginPage           ] - Verifying that the login page is loaded by visibility of login button
09:35:25:867 TRACE [EventHandler        ] - Finding element using locator:  By.cssSelector: .submit.EdgeButton.EdgeButton--primary.EdgeButtom--medium
09:35:25:915 TRACE [Presence            ] - Element was displayed within 5000 milliseconds
09:35:25:930 INFO  [LoginPage           ] - The Login button is visible
09:35:25:930 TRACE [EventHandler        ] - Finding element using locator:  By.cssSelector: .js-username-field.email-input.js-initial-focus
09:35:26:497 TRACE [EventHandler        ] - Finding element using locator:  By.cssSelector: .js-password-field
09:35:27:012 TRACE [EventHandler        ] - Finding element using locator:  By.cssSelector: .submit.EdgeButton.EdgeButton--primary.EdgeButtom--medium
09:35:27:061 TRACE [Presence            ] - Element was clickable within 3000 milliseconds
09:35:28:513 INFO  [EventHandler        ] - Driver clicked on element: [[ChromeDriver: chrome on XP (32f5b99d453430351c4c5678332571aa)] -> css selector: .submit.EdgeButton.EdgeButton--primary.EdgeButtom--medium]
09:35:28:513 INFO  [MainPage            ] - Verifying that the login page is loaded by visibility of login button
09:35:28:513 TRACE [EventHandler        ] - Finding element using locator:  By.xpath: //*[@id="tweet-box-home-timeline"]
09:35:29:514 TRACE [Presence            ] - Element was displayed within 5000 milliseconds
09:35:29:514 INFO  [MainPage            ] - The main page is visible
09:35:32:234 TRACE [EventHandler        ] - Finding element using locator:  By.xpath: //*[@id="global-new-tweet-button"]/span
09:35:32:313 TRACE [Presence            ] - Element was clickable within 3000 milliseconds
09:35:32:566 INFO  [EventHandler        ] - Driver clicked on element: [[ChromeDriver: chrome on XP (32f5b99d453430351c4c5678332571aa)] -> xpath: //*[@id="global-new-tweet-button"]/span]
09:35:32:566 INFO  [MainPage            ] - Send button clicked and tweet has been made
09:35:33:062 DEBUG [Screenshot          ] - Took screenshot, elapsed time: 457.4 ms
09:35:33:247 INFO  [BaseTestListener    ] - Appended screenshot with text '2019/01/29 - 09:35:33 - PASS:performLoginAndWriteTweet ' to file: target/surefire-reports\performLoginAndWriteTweet__chromedriver__2019-01-29--09-35-32.jpg in 175.6 ms
09:35:33:247 INFO  [BaseTestListener    ] - TEST PASSED: performLoginAndWriteTweet

09:35:33:247 INFO  [ormLoginAndTweetTest] - CLOSING CHROMEDRIVER: performLoginAndWriteTweet
09:35:34:122 INFO  [BaseTestListener    ] - FINISHED TESTSUITE: Twitter
