12:29:18:172 INFO  [BaseTestListener    ] - STARTING TESTSUITE: Twitter
12:29:18:693 INFO  [ormLoginAndTweetTest] - configId: chromedriver
12:29:18:696 INFO  [BaseTestSuite       ] - Initializing testsuite, should only run once per
12:29:18:696 INFO  [BaseTestSuite       ] - Attempting to use the latest available version for webdriver ChromeDriver.
12:29:20:842 INFO  [ormLoginAndTweetTest] - INIT CLASS: PerformLoginAndTweetTest
12:29:20:857 INFO  [DebugLevel          ] - Setting debugLevel to IMAGES_RESULT
12:29:20:857 INFO  [ormLoginAndTweetTest] - configId: chromedriver
12:29:20:873 INFO  [Setup               ] - Initializing ChromeDriver
12:29:25:706 INFO  [Setup               ] - Setting implicit wait to 0 milliseconds
12:29:27:645 INFO  [EventHandler        ] - Driver loaded URL: https://twitter.com/login
12:29:27:646 INFO  [ormLoginAndTweetTest] - Navigate to twitter's login-page, the sleep function provied 1000 milli seconds to load the page
12:29:32:656 INFO  [BaseTestListener    ] - TEST STARTED: performLoginAndWriteTweet
12:29:32:672 INFO  [ormLoginAndTweetTest] - It varifies that login page has loaded
12:29:32:672 INFO  [ormLoginAndTweetTest] - Initializing Pages that would be used in Test
12:29:32:721 INFO  [LoginPage           ] - Verifying that the login page is loaded by visibility of login button
12:29:32:725 TRACE [EventHandler        ] - Finding element using locator:  By.cssSelector: .submit.EdgeButton.EdgeButton--primary.EdgeButtom--medium
12:29:32:779 TRACE [Presence            ] - Element was displayed within 5000 milliseconds
12:29:32:779 INFO  [LoginPage           ] - The Login button is visible
12:29:38:508 DEBUG [Screenshot          ] - Took screenshot, elapsed time: 463.7 ms
12:29:38:875 INFO  [BaseTestListener    ] - Appended screenshot with text '2019/01/28 - 12:29:38 - PASS:performLoginAndWriteTweet ' to file: target/surefire-reports\performLoginAndWriteTweet__chromedriver__2019-01-28--12-29-38.jpg in 359.6 ms
12:29:38:881 INFO  [BaseTestListener    ] - TEST PASSED: performLoginAndWriteTweet

12:29:38:888 INFO  [ormLoginAndTweetTest] - CLOSING CHROMEDRIVER: performLoginAndWriteTweet
12:29:39:909 INFO  [BaseTestListener    ] - FINISHED TESTSUITE: Twitter
